<?xml version="1.0" encoding="UTF-8"?>
<testng-results ignored="0" total="6" passed="6" failed="0" skipped="0">
  <reporter-output>
  </reporter-output>
  <suite started-at="2021-10-23T23:50:18 IST" name="Default suite" finished-at="2021-10-23T23:50:33 IST" duration-ms="14473">
    <groups>
    </groups>
    <test started-at="2021-10-23T23:50:18 IST" name="Default test" finished-at="2021-10-23T23:50:33 IST" duration-ms="14473">
      <class name="login_page_test.loginPageTest">
        <test-method is-config="true" signature="beforeSuite()[pri:0, instance:login_page_test.loginPageTest@3f6b0be5]" started-at="2021-10-23T23:50:18 IST" name="beforeSuite" finished-at="2021-10-23T23:50:18 IST" duration-ms="9" status="PASS">
          <reporter-output>
          </reporter-output>
        </test-method> <!-- beforeSuite -->
        <test-method is-config="true" signature="beforeClass()[pri:0, instance:login_page_test.loginPageTest@3f6b0be5]" started-at="2021-10-23T23:50:18 IST" name="beforeClass" finished-at="2021-10-23T23:50:18 IST" duration-ms="0" status="PASS">
          <reporter-output>
          </reporter-output>
        </test-method> <!-- beforeClass -->
        <test-method is-config="true" signature="beforeMethodClass()[pri:0, instance:login_page_test.loginPageTest@3f6b0be5]" started-at="2021-10-23T23:50:18 IST" name="beforeMethodClass" finished-at="2021-10-23T23:50:27 IST" duration-ms="8833" status="PASS">
          <reporter-output>
          </reporter-output>
        </test-method> <!-- beforeMethodClass -->
        <test-method signature="TC_001()[pri:0, instance:login_page_test.loginPageTest@3f6b0be5]" started-at="2021-10-23T23:50:27 IST" name="TC_001" finished-at="2021-10-23T23:50:29 IST" duration-ms="1972" status="PASS">
          <reporter-output>
          </reporter-output>
        </test-method> <!-- TC_001 -->
        <test-method is-config="true" signature="beforeMethodClass()[pri:0, instance:login_page_test.loginPageTest@3f6b0be5]" started-at="2021-10-23T23:50:29 IST" name="beforeMethodClass" finished-at="2021-10-23T23:50:29 IST" duration-ms="2" status="PASS">
          <reporter-output>
          </reporter-output>
        </test-method> <!-- beforeMethodClass -->
        <test-method signature="TC_002()[pri:0, instance:login_page_test.loginPageTest@3f6b0be5]" started-at="2021-10-23T23:50:29 IST" name="TC_002" finished-at="2021-10-23T23:50:30 IST" duration-ms="998" status="PASS">
          <reporter-output>
          </reporter-output>
        </test-method> <!-- TC_002 -->
        <test-method is-config="true" signature="beforeMethodClass()[pri:0, instance:login_page_test.loginPageTest@3f6b0be5]" started-at="2021-10-23T23:50:30 IST" name="beforeMethodClass" finished-at="2021-10-23T23:50:30 IST" duration-ms="1" status="PASS">
          <reporter-output>
          </reporter-output>
        </test-method> <!-- beforeMethodClass -->
        <test-method signature="TC_003()[pri:0, instance:login_page_test.loginPageTest@3f6b0be5]" started-at="2021-10-23T23:50:30 IST" name="TC_003" finished-at="2021-10-23T23:50:31 IST" duration-ms="756" status="PASS">
          <reporter-output>
          </reporter-output>
        </test-method> <!-- TC_003 -->
        <test-method is-config="true" signature="beforeMethodClass()[pri:0, instance:login_page_test.loginPageTest@3f6b0be5]" started-at="2021-10-23T23:50:31 IST" name="beforeMethodClass" finished-at="2021-10-23T23:50:31 IST" duration-ms="1" status="PASS">
          <reporter-output>
          </reporter-output>
        </test-method> <!-- beforeMethodClass -->
        <test-method signature="TC_004()[pri:0, instance:login_page_test.loginPageTest@3f6b0be5]" started-at="2021-10-23T23:50:31 IST" name="TC_004" finished-at="2021-10-23T23:50:32 IST" duration-ms="746" status="PASS">
          <reporter-output>
          </reporter-output>
        </test-method> <!-- TC_004 -->
        <test-method is-config="true" signature="beforeMethodClass()[pri:0, instance:login_page_test.loginPageTest@3f6b0be5]" started-at="2021-10-23T23:50:32 IST" name="beforeMethodClass" finished-at="2021-10-23T23:50:32 IST" duration-ms="0" status="PASS">
          <reporter-output>
          </reporter-output>
        </test-method> <!-- beforeMethodClass -->
        <test-method signature="TC_005()[pri:0, instance:login_page_test.loginPageTest@3f6b0be5]" started-at="2021-10-23T23:50:32 IST" name="TC_005" finished-at="2021-10-23T23:50:32 IST" duration-ms="665" status="PASS">
          <reporter-output>
          </reporter-output>
        </test-method> <!-- TC_005 -->
        <test-method is-config="true" signature="beforeMethodClass()[pri:0, instance:login_page_test.loginPageTest@3f6b0be5]" started-at="2021-10-23T23:50:32 IST" name="beforeMethodClass" finished-at="2021-10-23T23:50:32 IST" duration-ms="1" status="PASS">
          <reporter-output>
          </reporter-output>
        </test-method> <!-- beforeMethodClass -->
        <test-method signature="TC_006()[pri:0, instance:login_page_test.loginPageTest@3f6b0be5]" started-at="2021-10-23T23:50:32 IST" name="TC_006" finished-at="2021-10-23T23:50:33 IST" duration-ms="430" status="PASS">
          <reporter-output>
          </reporter-output>
        </test-method> <!-- TC_006 -->
        <test-method is-config="true" signature="afterSuite()[pri:0, instance:login_page_test.loginPageTest@3f6b0be5]" started-at="2021-10-23T23:50:33 IST" name="afterSuite" finished-at="2021-10-23T23:50:34 IST" duration-ms="1145" status="PASS">
          <reporter-output>
          </reporter-output>
        </test-method> <!-- afterSuite -->
      </class> <!-- login_page_test.loginPageTest -->
    </test> <!-- Default test -->
  </suite> <!-- Default suite -->
</testng-results>
