<?xml version="1.0" encoding="UTF-8"?>
<!-- Generated by org.testng.reporters.JUnitXMLReporter -->
<testsuite ignored="0" hostname="ravisjlt-01" failures="0" tests="6" name="Default test" time="14.473" errors="0" timestamp="2021-10-23T23:50:33 IST">
  <testcase classname="login_page_test.loginPageTest" name="TC_001" time="1.972"/>
  <testcase classname="login_page_test.loginPageTest" name="TC_002" time="0.998"/>
  <testcase classname="login_page_test.loginPageTest" name="TC_003" time="0.756"/>
  <testcase classname="login_page_test.loginPageTest" name="TC_004" time="0.746"/>
  <testcase classname="login_page_test.loginPageTest" name="TC_005" time="0.665"/>
  <testcase classname="login_page_test.loginPageTest" name="TC_006" time="0.43"/>
</testsuite> <!-- Default test -->
